# JRE version: OpenJDK Runtime Environment Zulu21.34+19-CA (21.0.3+9) (build 21.0.3+9-LTS)
# Java VM: OpenJDK 64-Bit Server VM Zulu21.34+19-CA (21.0.3+9-LTS, mixed mode, emulated-client, sharing, tiered, compressed oops, compressed class ptrs, g1 gc, linux-amd64)
GC Precious Log:
 CardTable entry size: 512
 Card Set container configuration: InlinePtr #cards 5 size 8 Array Of Cards #cards 12 size 40 Howl #buckets 4 coarsen threshold 1843 Howl Bitmap #cards 512 size 80 coarsen threshold 460 Card regions per heap region 1 cards per card region 2048
 CPUs: 8 total, 8 available
 Memory: 7655M
 Large Page Support: Disabled
 NUMA Support: Disabled
 Compressed Oops: Enabled (32-bit)
 Heap Region Size: 1M
 Heap Min Capacity: 8M
 Heap Initial Capacity: 120M
 Heap Max Capacity: 1914M
 Pre-touch: Disabled
 Parallel Workers: 8
 Concurrent Workers: 2
 Concurrent Refinement Workers: 8
 Periodic GC: Disabled
Heap:
 garbage-first heap   total 66560K, used 48827K [0x0000000088600000, 0x0000000100000000)
  region size 1024K, 22 young (22528K), 3 survivors (3072K)
 Metaspace       used 70803K, committed 71552K, reserved 1114112K
  class space    used 9844K, committed 10176K, reserved 1048576K
GC Heap History (20 events):
Event: 1,730 GC heap before
{Heap before GC invocations=5 (full 0):
 garbage-first heap   total 55296K, used 41985K [0x0000000088600000, 0x0000000100000000)
  region size 1024K, 28 young (28672K), 2 survivors (2048K)
 Metaspace       used 27298K, committed 27776K, reserved 1114112K
  class space    used 3591K, committed 3840K, reserved 1048576K
}
Event: 1,733 GC heap after
{Heap after GC invocations=6 (full 0):
 garbage-first heap   total 55296K, used 17511K [0x0000000088600000, 0x0000000100000000)
  region size 1024K, 4 young (4096K), 4 survivors (4096K)
 Metaspace       used 27298K, committed 27776K, reserved 1114112K
  class space    used 3591K, committed 3840K, reserved 1048576K
}
Event: 1,961 GC heap before
{Heap before GC invocations=6 (full 0):
 garbage-first heap   total 55296K, used 44135K [0x0000000088600000, 0x0000000100000000)
  region size 1024K, 30 young (30720K), 4 survivors (4096K)
 Metaspace       used 31018K, committed 31552K, reserved 1114112K
  class space    used 4096K, committed 4352K, reserved 1048576K
}
Event: 1,965 GC heap after
{Heap after GC invocations=7 (full 0):
 garbage-first heap   total 55296K, used 19831K [0x0000000088600000, 0x0000000100000000)
  region size 1024K, 3 young (3072K), 3 survivors (3072K)
 Metaspace       used 31018K, committed 31552K, reserved 1114112K
  class space    used 4096K, committed 4352K, reserved 1048576K
}
Event: 2,186 GC heap before
{Heap before GC invocations=7 (full 0):
 garbage-first heap   total 55296K, used 42359K [0x0000000088600000, 0x0000000100000000)
  region size 1024K, 27 young (27648K), 3 survivors (3072K)
 Metaspace       used 35767K, committed 36288K, reserved 1114112K
  class space    used 4771K, committed 4992K, reserved 1048576K
}
Event: 2,188 GC heap after
{Heap after GC invocations=8 (full 0):
 garbage-first heap   total 55296K, used 20926K [0x0000000088600000, 0x0000000100000000)
  region size 1024K, 2 young (2048K), 2 survivors (2048K)
 Metaspace       used 35767K, committed 36288K, reserved 1114112K
  class space    used 4771K, committed 4992K, reserved 1048576K
}
Event: 2,489 GC heap before
{Heap before GC invocations=9 (full 0):
 garbage-first heap   total 55296K, used 45502K [0x0000000088600000, 0x0000000100000000)
  region size 1024K, 27 young (27648K), 2 survivors (2048K)
 Metaspace       used 42002K, committed 42624K, reserved 1114112K
  class space    used 5674K, committed 5952K, reserved 1048576K
}
Event: 2,490 GC heap after
{Heap after GC invocations=10 (full 0):
 garbage-first heap   total 55296K, used 22148K [0x0000000088600000, 0x0000000100000000)
  region size 1024K, 3 young (3072K), 3 survivors (3072K)
 Metaspace       used 42002K, committed 42624K, reserved 1114112K
  class space    used 5674K, committed 5952K, reserved 1048576K
}
Event: 2,702 GC heap before
{Heap before GC invocations=10 (full 0):
 garbage-first heap   total 55296K, used 45700K [0x0000000088600000, 0x0000000100000000)
  region size 1024K, 27 young (27648K), 3 survivors (3072K)
 Metaspace       used 47360K, committed 48000K, reserved 1114112K
  class space    used 6348K, committed 6656K, reserved 1048576K
}
Event: 2,704 GC heap after
{Heap after GC invocations=11 (full 0):
 garbage-first heap   total 55296K, used 23294K [0x0000000088600000, 0x0000000100000000)
  region size 1024K, 3 young (3072K), 3 survivors (3072K)
 Metaspace       used 47360K, committed 48000K, reserved 1114112K
  class space    used 6348K, committed 6656K, reserved 1048576K
}
Event: 2,930 GC heap before
{Heap before GC invocations=11 (full 0):
 garbage-first heap   total 55296K, used 45822K [0x0000000088600000, 0x0000000100000000)
  region size 1024K, 26 young (26624K), 3 survivors (3072K)
 Metaspace       used 53188K, committed 53824K, reserved 1114112K
  class space    used 7307K, committed 7616K, reserved 1048576K
}
Event: 2,933 GC heap after
{Heap after GC invocations=12 (full 0):
 garbage-first heap   total 55296K, used 24390K [0x0000000088600000, 0x0000000100000000)
  region size 1024K, 3 young (3072K), 3 survivors (3072K)
 Metaspace       used 53188K, committed 53824K, reserved 1114112K
  class space    used 7307K, committed 7616K, reserved 1048576K
}
Event: 3,144 GC heap before
{Heap before GC invocations=12 (full 0):
 garbage-first heap   total 55296K, used 45894K [0x0000000088600000, 0x0000000100000000)
  region size 1024K, 25 young (25600K), 3 survivors (3072K)
 Metaspace       used 58176K, committed 58816K, reserved 1114112K
  class space    used 7947K, committed 8256K, reserved 1048576K
}
Event: 3,147 GC heap after
{Heap after GC invocations=13 (full 0):
 garbage-first heap   total 66560K, used 25909K [0x0000000088600000, 0x0000000100000000)
  region size 1024K, 3 young (3072K), 3 survivors (3072K)
 Metaspace       used 58176K, committed 58816K, reserved 1114112K
  class space    used 7947K, committed 8256K, reserved 1048576K
}
Event: 3,252 GC heap before
{Heap before GC invocations=13 (full 0):
 garbage-first heap   total 66560K, used 34101K [0x0000000088600000, 0x0000000100000000)
  region size 1024K, 13 young (13312K), 3 survivors (3072K)
 Metaspace       used 60286K, committed 60928K, reserved 1114112K
  class space    used 8284K, committed 8576K, reserved 1048576K
}
Event: 3,254 GC heap after
{Heap after GC invocations=14 (full 0):
 garbage-first heap   total 66560K, used 26624K [0x0000000088600000, 0x0000000100000000)
  region size 1024K, 4 young (4096K), 4 survivors (4096K)
 Metaspace       used 60286K, committed 60928K, reserved 1114112K
  class space    used 8284K, committed 8576K, reserved 1048576K
}
Event: 3,594 GC heap before
{Heap before GC invocations=15 (full 0):
 garbage-first heap   total 66560K, used 57344K [0x0000000088600000, 0x0000000100000000)
  region size 1024K, 34 young (34816K), 4 survivors (4096K)
 Metaspace       used 62986K, committed 63680K, reserved 1114112K
  class space    used 8733K, committed 9024K, reserved 1048576K
}
Event: 3,600 GC heap after
{Heap after GC invocations=16 (full 0):
 garbage-first heap   total 66560K, used 29301K [0x0000000088600000, 0x0000000100000000)
  region size 1024K, 5 young (5120K), 5 survivors (5120K)
 Metaspace       used 62986K, committed 63680K, reserved 1114112K
  class space    used 8733K, committed 9024K, reserved 1048576K
}
Event: 5,548 GC heap before
{Heap before GC invocations=16 (full 0):
 garbage-first heap   total 66560K, used 55925K [0x0000000088600000, 0x0000000100000000)
  region size 1024K, 32 young (32768K), 5 survivors (5120K)
 Metaspace       used 66923K, committed 67712K, reserved 1114112K
  class space    used 9305K, committed 9664K, reserved 1048576K
}
Event: 5,553 GC heap after
{Heap after GC invocations=17 (full 0):
 garbage-first heap   total 66560K, used 31419K [0x0000000088600000, 0x0000000100000000)
  region size 1024K, 3 young (3072K), 3 survivors (3072K)
 Metaspace       used 66923K, committed 67712K, reserved 1114112K
  class space    used 9305K, committed 9664K, reserved 1048576K
}

